<?xml version="1.0" encoding="UTF-8"?>
<testng-results skipped="0" failed="1" total="5" passed="4">
  <reporter-output>
  </reporter-output>
  <suite name="Suite" duration-ms="76539" started-at="2019-08-19T21:47:14Z" finished-at="2019-08-19T21:48:30Z">
    <groups>
    </groups>
    <test name="Validating homepage" duration-ms="53143" started-at="2019-08-19T21:47:14Z" finished-at="2019-08-19T21:48:07Z">
      <class name="academy.Homepage">
        <test-method status="PASS" signature="initialize()[pri:0, instance:academy.Homepage@49438269]" name="initialize" is-config="true" duration-ms="1572" started-at="2019-08-19T14:47:14Z" finished-at="2019-08-19T14:47:15Z">
          <reporter-output>
          </reporter-output>
        </test-method> <!-- initialize -->
        <test-method status="PASS" signature="basepageNavigation(java.lang.String, java.lang.String, java.lang.String)[pri:0, instance:academy.Homepage@49438269]" name="basepageNavigation" duration-ms="32618" started-at="2019-08-19T14:47:15Z" data-provider="getData" finished-at="2019-08-19T14:47:48Z">
          <params>
            <param index="0">
              <value>
                <![CDATA[nonrestricteduser@qw.com]]>
              </value>
            </param>
            <param index="1">
              <value>
                <![CDATA[12345]]>
              </value>
            </param>
            <param index="2">
              <value>
                <![CDATA[Non Restricted user]]>
              </value>
            </param>
          </params>
          <reporter-output>
          </reporter-output>
        </test-method> <!-- basepageNavigation -->
        <test-method status="PASS" signature="basepageNavigation(java.lang.String, java.lang.String, java.lang.String)[pri:0, instance:academy.Homepage@49438269]" name="basepageNavigation" duration-ms="18819" started-at="2019-08-19T14:47:48Z" data-provider="getData" finished-at="2019-08-19T14:48:07Z">
          <params>
            <param index="0">
              <value>
                <![CDATA[restricteduser@qw.com]]>
              </value>
            </param>
            <param index="1">
              <value>
                <![CDATA[34567]]>
              </value>
            </param>
            <param index="2">
              <value>
                <![CDATA[Restricted user]]>
              </value>
            </param>
          </params>
          <reporter-output>
          </reporter-output>
        </test-method> <!-- basepageNavigation -->
        <test-method status="PASS" signature="tearDown()[pri:0, instance:academy.Homepage@49438269]" name="tearDown" is-config="true" duration-ms="122" started-at="2019-08-19T14:48:07Z" finished-at="2019-08-19T14:48:07Z">
          <reporter-output>
          </reporter-output>
        </test-method> <!-- tearDown -->
      </class> <!-- academy.Homepage -->
    </test> <!-- Validating homepage -->
    <test name="Valiodating title" duration-ms="11422" started-at="2019-08-19T21:48:07Z" finished-at="2019-08-19T21:48:19Z">
      <class name="academy.Validatetitle">
        <test-method status="PASS" signature="initialize()[pri:0, instance:academy.Validatetitle@7bedc48a]" name="initialize" is-config="true" duration-ms="9905" started-at="2019-08-19T14:48:07Z" finished-at="2019-08-19T14:48:17Z">
          <reporter-output>
          </reporter-output>
        </test-method> <!-- initialize -->
        <test-method status="FAIL" signature="basepageNavigation()[pri:0, instance:academy.Validatetitle@7bedc48a]" name="basepageNavigation" duration-ms="27" started-at="2019-08-19T14:48:17Z" finished-at="2019-08-19T14:48:17Z">
          <exception class="java.lang.AssertionError">
            <message>
              <![CDATA[expected:<FEATURED COURSES> but was:<FEATUREDa COURSES>]]>
            </message>
            <full-stacktrace>
              <![CDATA[java.lang.AssertionError: expected:<FEATURED COURSES> but was:<FEATUREDa COURSES>
	at org.testng.AssertJUnit.assertEquals(AssertJUnit.java:101)
	at org.testng.AssertJUnit.assertEquals(AssertJUnit.java:108)
	at academy.Validatetitle.basepageNavigation(Validatetitle.java:34)
	at sun.reflect.NativeMethodAccessorImpl.invoke0(Native Method)
	at sun.reflect.NativeMethodAccessorImpl.invoke(NativeMethodAccessorImpl.java:62)
	at sun.reflect.DelegatingMethodAccessorImpl.invoke(DelegatingMethodAccessorImpl.java:43)
	at java.lang.reflect.Method.invoke(Method.java:498)
	at org.testng.internal.MethodInvocationHelper.invokeMethod(MethodInvocationHelper.java:80)
	at org.testng.internal.Invoker.invokeMethod(Invoker.java:714)
	at org.testng.internal.Invoker.invokeTestMethod(Invoker.java:901)
	at org.testng.internal.Invoker.invokeTestMethods(Invoker.java:1231)
	at org.testng.internal.TestMethodWorker.invokeTestMethods(TestMethodWorker.java:127)
	at org.testng.internal.TestMethodWorker.run(TestMethodWorker.java:111)
	at org.testng.TestRunner.privateRun(TestRunner.java:767)
	at org.testng.TestRunner.run(TestRunner.java:617)
	at org.testng.SuiteRunner.runTest(SuiteRunner.java:334)
	at org.testng.SuiteRunner.runSequentially(SuiteRunner.java:329)
	at org.testng.SuiteRunner.privateRun(SuiteRunner.java:291)
	at org.testng.SuiteRunner.run(SuiteRunner.java:240)
	at org.testng.SuiteRunnerWorker.runSuite(SuiteRunnerWorker.java:52)
	at org.testng.SuiteRunnerWorker.run(SuiteRunnerWorker.java:86)
	at org.testng.TestNG.runSuitesSequentially(TestNG.java:1198)
	at org.testng.TestNG.runSuitesLocally(TestNG.java:1123)
	at org.testng.TestNG.run(TestNG.java:1031)
	at org.apache.maven.surefire.testng.TestNGExecutor.run(TestNGExecutor.java:283)
	at org.apache.maven.surefire.testng.TestNGXmlTestSuite.execute(TestNGXmlTestSuite.java:75)
	at org.apache.maven.surefire.testng.TestNGProvider.invoke(TestNGProvider.java:120)
	at org.apache.maven.surefire.booter.ForkedBooter.invokeProviderInSameClassLoader(ForkedBooter.java:384)
	at org.apache.maven.surefire.booter.ForkedBooter.runSuitesInProcess(ForkedBooter.java:345)
	at org.apache.maven.surefire.booter.ForkedBooter.execute(ForkedBooter.java:126)
	at org.apache.maven.surefire.booter.ForkedBooter.main(ForkedBooter.java:418)
]]>
            </full-stacktrace>
          </exception> <!-- java.lang.AssertionError -->
          <reporter-output>
          </reporter-output>
        </test-method> <!-- basepageNavigation -->
        <test-method status="PASS" signature="tearDown()[pri:0, instance:academy.Validatetitle@7bedc48a]" name="tearDown" is-config="true" duration-ms="146" started-at="2019-08-19T14:48:19Z" finished-at="2019-08-19T14:48:19Z">
          <reporter-output>
          </reporter-output>
        </test-method> <!-- tearDown -->
      </class> <!-- academy.Validatetitle -->
    </test> <!-- Valiodating title -->
    <test name="Validating nav bar" duration-ms="11490" started-at="2019-08-19T21:48:19Z" finished-at="2019-08-19T21:48:30Z">
      <class name="academy.ValidateNavbar">
        <test-method status="PASS" signature="initialize()[pri:0, instance:academy.ValidateNavbar@37ceb1df]" name="initialize" is-config="true" duration-ms="11279" started-at="2019-08-19T14:48:19Z" finished-at="2019-08-19T14:48:30Z">
          <reporter-output>
          </reporter-output>
        </test-method> <!-- initialize -->
        <test-method status="PASS" signature="basepageNavigation()[pri:0, instance:academy.ValidateNavbar@37ceb1df]" name="basepageNavigation" duration-ms="68" started-at="2019-08-19T14:48:30Z" finished-at="2019-08-19T14:48:30Z">
          <reporter-output>
          </reporter-output>
        </test-method> <!-- basepageNavigation -->
        <test-method status="PASS" signature="tearDown()[pri:0, instance:academy.ValidateNavbar@37ceb1df]" name="tearDown" is-config="true" duration-ms="142" started-at="2019-08-19T14:48:30Z" finished-at="2019-08-19T14:48:30Z">
          <reporter-output>
          </reporter-output>
        </test-method> <!-- tearDown -->
      </class> <!-- academy.ValidateNavbar -->
    </test> <!-- Validating nav bar -->
    <test name="app" duration-ms="1" started-at="2019-08-19T21:48:30Z" finished-at="2019-08-19T21:48:30Z">
      <class name="academy.AppTest">
        <test-method status="PASS" signature="testApp()[pri:0, instance:academy.AppTest@ae13544]" name="testApp" duration-ms="0" started-at="2019-08-19T14:48:30Z" finished-at="2019-08-19T14:48:30Z">
          <reporter-output>
          </reporter-output>
        </test-method> <!-- testApp -->
      </class> <!-- academy.AppTest -->
    </test> <!-- app -->
  </suite> <!-- Suite -->
</testng-results>
