<?xml version="1.0" encoding="UTF-8"?>
<testng-results skipped="0" failed="1" total="5" passed="4">
  <reporter-output>
  </reporter-output>
  <suite name="Suite" duration-ms="54367" started-at="2019-08-19T21:44:13Z" finished-at="2019-08-19T21:45:08Z">
    <groups>
    </groups>
    <test name="Validating homepage" duration-ms="31002" started-at="2019-08-19T21:44:13Z" finished-at="2019-08-19T21:44:44Z">
      <class name="academy.Homepage">
        <test-method status="PASS" signature="initialize()[pri:0, instance:academy.Homepage@5136d012]" name="initialize" is-config="true" duration-ms="1544" started-at="2019-08-19T14:44:13Z" finished-at="2019-08-19T14:44:15Z">
          <reporter-output>
          </reporter-output>
        </test-method> <!-- initialize -->
        <test-method status="PASS" signature="basepageNavigation(java.lang.String, java.lang.String, java.lang.String)[pri:0, instance:academy.Homepage@5136d012]" name="basepageNavigation" duration-ms="14830" started-at="2019-08-19T14:44:15Z" data-provider="getData" finished-at="2019-08-19T14:44:30Z">
          <params>
            <param index="0">
              <value>
                <![CDATA[nonrestricteduser@qw.com]]>
              </value>
            </param>
            <param index="1">
              <value>
                <![CDATA[12345]]>
              </value>
            </param>
            <param index="2">
              <value>
                <![CDATA[Non Restricted user]]>
              </value>
            </param>
          </params>
          <reporter-output>
          </reporter-output>
        </test-method> <!-- basepageNavigation -->
        <test-method status="PASS" signature="basepageNavigation(java.lang.String, java.lang.String, java.lang.String)[pri:0, instance:academy.Homepage@5136d012]" name="basepageNavigation" duration-ms="14498" started-at="2019-08-19T14:44:30Z" data-provider="getData" finished-at="2019-08-19T14:44:44Z">
          <params>
            <param index="0">
              <value>
                <![CDATA[restricteduser@qw.com]]>
              </value>
            </param>
            <param index="1">
              <value>
                <![CDATA[34567]]>
              </value>
            </param>
            <param index="2">
              <value>
                <![CDATA[Restricted user]]>
              </value>
            </param>
          </params>
          <reporter-output>
          </reporter-output>
        </test-method> <!-- basepageNavigation -->
        <test-method status="PASS" signature="tearDown()[pri:0, instance:academy.Homepage@5136d012]" name="tearDown" is-config="true" duration-ms="111" started-at="2019-08-19T14:44:44Z" finished-at="2019-08-19T14:44:44Z">
          <reporter-output>
          </reporter-output>
        </test-method> <!-- tearDown -->
      </class> <!-- academy.Homepage -->
    </test> <!-- Validating homepage -->
    <test name="Valiodating title" duration-ms="12025" started-at="2019-08-19T21:44:45Z" finished-at="2019-08-19T21:44:57Z">
      <class name="academy.Validatetitle">
        <test-method status="PASS" signature="initialize()[pri:0, instance:academy.Validatetitle@3a6bb9bf]" name="initialize" is-config="true" duration-ms="10846" started-at="2019-08-19T14:44:45Z" finished-at="2019-08-19T14:44:55Z">
          <reporter-output>
          </reporter-output>
        </test-method> <!-- initialize -->
        <test-method status="FAIL" signature="basepageNavigation()[pri:0, instance:academy.Validatetitle@3a6bb9bf]" name="basepageNavigation" duration-ms="39" started-at="2019-08-19T14:44:55Z" finished-at="2019-08-19T14:44:55Z">
          <exception class="java.lang.AssertionError">
            <message>
              <![CDATA[expected:<FEATURED COURSES> but was:<FEATUREDa COURSES>]]>
            </message>
            <full-stacktrace>
              <![CDATA[java.lang.AssertionError: expected:<FEATURED COURSES> but was:<FEATUREDa COURSES>
	at org.testng.AssertJUnit.assertEquals(AssertJUnit.java:101)
	at org.testng.AssertJUnit.assertEquals(AssertJUnit.java:108)
	at academy.Validatetitle.basepageNavigation(Validatetitle.java:34)
	at sun.reflect.NativeMethodAccessorImpl.invoke0(Native Method)
	at sun.reflect.NativeMethodAccessorImpl.invoke(NativeMethodAccessorImpl.java:62)
	at sun.reflect.DelegatingMethodAccessorImpl.invoke(DelegatingMethodAccessorImpl.java:43)
	at java.lang.reflect.Method.invoke(Method.java:498)
	at org.testng.internal.MethodInvocationHelper.invokeMethod(MethodInvocationHelper.java:80)
	at org.testng.internal.Invoker.invokeMethod(Invoker.java:714)
	at org.testng.internal.Invoker.invokeTestMethod(Invoker.java:901)
	at org.testng.internal.Invoker.invokeTestMethods(Invoker.java:1231)
	at org.testng.internal.TestMethodWorker.invokeTestMethods(TestMethodWorker.java:127)
	at org.testng.internal.TestMethodWorker.run(TestMethodWorker.java:111)
	at org.testng.TestRunner.privateRun(TestRunner.java:767)
	at org.testng.TestRunner.run(TestRunner.java:617)
	at org.testng.SuiteRunner.runTest(SuiteRunner.java:334)
	at org.testng.SuiteRunner.runSequentially(SuiteRunner.java:329)
	at org.testng.SuiteRunner.privateRun(SuiteRunner.java:291)
	at org.testng.SuiteRunner.run(SuiteRunner.java:240)
	at org.testng.SuiteRunnerWorker.runSuite(SuiteRunnerWorker.java:52)
	at org.testng.SuiteRunnerWorker.run(SuiteRunnerWorker.java:86)
	at org.testng.TestNG.runSuitesSequentially(TestNG.java:1198)
	at org.testng.TestNG.runSuitesLocally(TestNG.java:1123)
	at org.testng.TestNG.run(TestNG.java:1031)
	at org.testng.remote.AbstractRemoteTestNG.run(AbstractRemoteTestNG.java:115)
	at org.testng.remote.RemoteTestNG.initAndRun(RemoteTestNG.java:251)
	at org.testng.remote.RemoteTestNG.main(RemoteTestNG.java:77)
]]>
            </full-stacktrace>
          </exception> <!-- java.lang.AssertionError -->
          <reporter-output>
          </reporter-output>
        </test-method> <!-- basepageNavigation -->
        <test-method status="PASS" signature="tearDown()[pri:0, instance:academy.Validatetitle@3a6bb9bf]" name="tearDown" is-config="true" duration-ms="140" started-at="2019-08-19T14:44:56Z" finished-at="2019-08-19T14:44:57Z">
          <reporter-output>
          </reporter-output>
        </test-method> <!-- tearDown -->
      </class> <!-- academy.Validatetitle -->
    </test> <!-- Valiodating title -->
    <test name="Validating nav bar" duration-ms="10895" started-at="2019-08-19T21:44:57Z" finished-at="2019-08-19T21:45:08Z">
      <class name="academy.ValidateNavbar">
        <test-method status="PASS" signature="initialize()[pri:0, instance:academy.ValidateNavbar@3d1cfad4]" name="initialize" is-config="true" duration-ms="10704" started-at="2019-08-19T14:44:57Z" finished-at="2019-08-19T14:45:07Z">
          <reporter-output>
          </reporter-output>
        </test-method> <!-- initialize -->
        <test-method status="PASS" signature="basepageNavigation()[pri:0, instance:academy.ValidateNavbar@3d1cfad4]" name="basepageNavigation" duration-ms="78" started-at="2019-08-19T14:45:07Z" finished-at="2019-08-19T14:45:07Z">
          <reporter-output>
          </reporter-output>
        </test-method> <!-- basepageNavigation -->
        <test-method status="PASS" signature="tearDown()[pri:0, instance:academy.ValidateNavbar@3d1cfad4]" name="tearDown" is-config="true" duration-ms="112" started-at="2019-08-19T14:45:07Z" finished-at="2019-08-19T14:45:08Z">
          <reporter-output>
          </reporter-output>
        </test-method> <!-- tearDown -->
      </class> <!-- academy.ValidateNavbar -->
    </test> <!-- Validating nav bar -->
    <test name="app" duration-ms="5" started-at="2019-08-19T21:45:08Z" finished-at="2019-08-19T21:45:08Z">
      <class name="academy.AppTest">
        <test-method status="PASS" signature="testApp()[pri:0, instance:academy.AppTest@69e1dd28]" name="testApp" duration-ms="1" started-at="2019-08-19T14:45:08Z" finished-at="2019-08-19T14:45:08Z">
          <reporter-output>
          </reporter-output>
        </test-method> <!-- testApp -->
      </class> <!-- academy.AppTest -->
    </test> <!-- app -->
  </suite> <!-- Suite -->
</testng-results>
